app/build/outputs/logs/manifest-merger-release-report.txt
-- Merging decision tree log ---
manifest
ADDED from src/main/AndroidManifest.xml:1:1-51:12
	package
		ADDED from src/main/AndroidManifest.xml:2:5-40
		INJECTED from src/main/AndroidManifest.xml
		INJECTED from src/main/AndroidManifest.xml
	android:versionName
		ADDED from src/main/AndroidManifest.xml:5:5-33
		INJECTED from src/main/AndroidManifest.xml
		INJECTED from src/main/AndroidManifest.xml
	android:versionCode
		ADDED from src/main/AndroidManifest.xml:4:5-31
		INJECTED from src/main/AndroidManifest.xml
		INJECTED from src/main/AndroidManifest.xml
	xmlns:android
		ADDED from src/main/AndroidManifest.xml:1:11-69
	android:installLocation
		ADDED from src/main/AndroidManifest.xml:3:5-35
uses-sdk
ADDED from src/main/AndroidManifest.xml:7:5-9:41
	android:targetSdkVersion
		ADDED from src/main/AndroidManifest.xml:9:9-38
		INJECTED from src/main/AndroidManifest.xml
		INJECTED from src/main/AndroidManifest.xml
	android:minSdkVersion
		ADDED from src/main/AndroidManifest.xml:8:9-34
		INJECTED from src/main/AndroidManifest.xml
		INJECTED from src/main/AndroidManifest.xml
supports-screens
ADDED from src/main/AndroidManifest.xml:11:5-17:40
	android:largeScreens
		ADDED from src/main/AndroidManifest.xml:13:9-36
	android:smallScreens
		ADDED from src/main/AndroidManifest.xml:16:9-36
	android:normalScreens
		ADDED from src/main/AndroidManifest.xml:14:9-37
	android:xlargeScreens
		ADDED from src/main/AndroidManifest.xml:17:9-37
	android:resizeable
		ADDED from src/main/AndroidManifest.xml:15:9-34
	android:anyDensity
		ADDED from src/main/AndroidManifest.xml:12:9-34
uses-permission#android.permission.WRITE_EXTERNAL_STORAGE
ADDED from src/main/AndroidManifest.xml:19:5-81
	android:name
		ADDED from src/main/AndroidManifest.xml:19:22-78
uses-permission#android.permission.READ_EXTERNAL_STORAGE
ADDED from src/main/AndroidManifest.xml:20:5-80
	android:name
		ADDED from src/main/AndroidManifest.xml:20:22-77
uses-permission#android.permission.VIBRATE
ADDED from src/main/AndroidManifest.xml:21:5-66
	android:name
		ADDED from src/main/AndroidManifest.xml:21:22-63
uses-permission#android.permission.GET_ACCOUNTS
ADDED from src/main/AndroidManifest.xml:22:5-71
	android:name
		ADDED from src/main/AndroidManifest.xml:22:22-68
application
ADDED from src/main/AndroidManifest.xml:24:5-49:19
	android:label
		ADDED from src/main/AndroidManifest.xml:26:9-33
	android:allowBackup
		ADDED from src/main/AndroidManifest.xml:27:45-71
	android:icon
		ADDED from src/main/AndroidManifest.xml:25:9-45
	android:theme
		ADDED from src/main/AndroidManifest.xml:27:9-44
activity#com.graph89.emulationcore.EmulatorActivity
ADDED from src/main/AndroidManifest.xml:28:9-36:20
	android:label
		ADDED from src/main/AndroidManifest.xml:30:13-37
	android:name
		ADDED from src/main/AndroidManifest.xml:29:13-70
intent-filter#android.intent.action.MAIN+android.intent.category.LAUNCHER
ADDED from src/main/AndroidManifest.xml:31:13-35:29
action#android.intent.action.MAIN
ADDED from src/main/AndroidManifest.xml:32:17-69
	android:name
		ADDED from src/main/AndroidManifest.xml:32:25-66
category#android.intent.category.LAUNCHER
ADDED from src/main/AndroidManifest.xml:34:17-77
	android:name
		ADDED from src/main/AndroidManifest.xml:34:27-74
activity#com.graph89.emulationcore.RomManagerActivity
ADDED from src/main/AndroidManifest.xml:37:9-39:43
	android:label
		ADDED from src/main/AndroidManifest.xml:39:13-40
	android:name
		ADDED from src/main/AndroidManifest.xml:38:13-72
activity#com.graph89.controls.FilePickerActivity
ADDED from src/main/AndroidManifest.xml:40:9-42:39
	android:label
		ADDED from src/main/AndroidManifest.xml:42:13-36
	android:name
		ADDED from src/main/AndroidManifest.xml:41:13-67
activity#com.graph89.emulationcore.ConfigurationPage
ADDED from src/main/AndroidManifest.xml:43:9-45:40
	android:label
		ADDED from src/main/AndroidManifest.xml:45:13-37
	android:name
		ADDED from src/main/AndroidManifest.xml:44:13-71
activity#com.graph89.emulationcore.BackupManager
ADDED from src/main/AndroidManifest.xml:46:9-48:46
	android:label
		ADDED from src/main/AndroidManifest.xml:48:13-43
	android:name
		ADDED from src/main/AndroidManifest.xml:47:13-67